Build started 07/12/2016 18:33:45.
     1>Project "C:\Users\c1411029\TrabAnal\PUC-Rio-INF1608-Analise-Numerica-Trabalho-Final\CubicSpline\CubicSpline\CubicSpline.vcxproj" on node 2 (build target(s)).
     1>InitializeBuildStatus:
         Creating "Debug\CubicSpline.unsuccessfulbuild" because "AlwaysCreate" was specified.
       ClCompile:
         c:\Program Files (x86)\Microsoft Visual Studio 10.0\VC\bin\CL.exe /c /ZI /nologo /W3 /WX- /Od /Oy- /D WIN32 /D _DEBUG /D _CONSOLE /D _UNICODE /D UNICODE /Gm /EHsc /RTC1 /MDd /GS /fp:precise /Zc:wchar_t /Zc:forScope /Fo"Debug\\" /Fd"Debug\vc100.pdb" /Gd /TP /analyze- /errorReport:prompt program.cpp
         program.cpp
         All outputs are up-to-date.
       ManifestResourceCompile:
         All outputs are up-to-date.
       Link:
         c:\Program Files (x86)\Microsoft Visual Studio 10.0\VC\bin\link.exe /ERRORREPORT:PROMPT /OUT:"C:\Users\c1411029\TrabAnal\PUC-Rio-INF1608-Analise-Numerica-Trabalho-Final\CubicSpline\Debug\CubicSpline.exe" /INCREMENTAL /NOLOGO kernel32.lib user32.lib gdi32.lib winspool.lib comdlg32.lib advapi32.lib shell32.lib ole32.lib oleaut32.lib uuid.lib odbc32.lib odbccp32.lib /MANIFEST /ManifestFile:"Debug\CubicSpline.exe.intermediate.manifest" /MANIFESTUAC:"level='asInvoker' uiAccess='false'" /DEBUG /PDB:"C:\Users\c1411029\TrabAnal\PUC-Rio-INF1608-Analise-Numerica-Trabalho-Final\CubicSpline\Debug\CubicSpline.pdb" /SUBSYSTEM:CONSOLE /TLBID:1 /DYNAMICBASE /NXCOMPAT /IMPLIB:"C:\Users\c1411029\TrabAnal\PUC-Rio-INF1608-Analise-Numerica-Trabalho-Final\CubicSpline\Debug\CubicSpline.lib" /MACHINE:X86 Debug\CubicSpline.exe.embed.manifest.res
         Debug\CubicSplineInterpolation.obj
         Debug\gauss.obj
         Debug\matriz.obj
         Debug\Point.obj
         Debug\program.obj
       Manifest:
         C:\Program Files (x86)\Microsoft SDKs\Windows\v7.0A\bin\mt.exe /nologo /verbose /out:"Debug\CubicSpline.exe.embed.manifest" /manifest Debug\CubicSpline.exe.intermediate.manifest
         All outputs are up-to-date.
       LinkEmbedManifest:
         All outputs are up-to-date.
         CubicSpline.vcxproj -> C:\Users\c1411029\TrabAnal\PUC-Rio-INF1608-Analise-Numerica-Trabalho-Final\CubicSpline\Debug\CubicSpline.exe
       FinalizeBuildStatus:
         Deleting file "Debug\CubicSpline.unsuccessfulbuild".
         Touching "Debug\CubicSpline.lastbuildstate".
     1>Done Building Project "C:\Users\c1411029\TrabAnal\PUC-Rio-INF1608-Analise-Numerica-Trabalho-Final\CubicSpline\CubicSpline\CubicSpline.vcxproj" (build target(s)).

Build succeeded.

Time Elapsed 00:00:00.60
