c:\users\paulomax\documents\visual studio 2015\projects\puc-rio-inf1608-analise-numerica-trabalho-final\cubicspline\cubicspline\debug\vc140.pdb
c:\users\paulomax\documents\visual studio 2015\projects\puc-rio-inf1608-analise-numerica-trabalho-final\cubicspline\cubicspline\debug\vc140.idb
c:\users\paulomax\documents\visual studio 2015\projects\puc-rio-inf1608-analise-numerica-trabalho-final\cubicspline\cubicspline\debug\cubicsplineinterpolation.obj
c:\users\paulomax\documents\visual studio 2015\projects\puc-rio-inf1608-analise-numerica-trabalho-final\cubicspline\cubicspline\debug\interp.obj
c:\users\paulomax\documents\visual studio 2015\projects\puc-rio-inf1608-analise-numerica-trabalho-final\cubicspline\cubicspline\debug\matriz.obj
c:\users\paulomax\documents\visual studio 2015\projects\puc-rio-inf1608-analise-numerica-trabalho-final\cubicspline\cubicspline\debug\point.obj
c:\users\paulomax\documents\visual studio 2015\projects\puc-rio-inf1608-analise-numerica-trabalho-final\cubicspline\cubicspline\debug\program.obj
c:\users\paulomax\documents\visual studio 2015\projects\puc-rio-inf1608-analise-numerica-trabalho-final\cubicspline\cubicspline\debug\gauss.obj
c:\users\paulomax\documents\visual studio 2015\projects\puc-rio-inf1608-analise-numerica-trabalho-final\cubicspline\debug\cubicspline.pdb
c:\users\paulomax\documents\visual studio 2015\projects\puc-rio-inf1608-analise-numerica-trabalho-final\cubicspline\cubicspline\debug\cubicspline.tlog\cl.command.1.tlog
c:\users\paulomax\documents\visual studio 2015\projects\puc-rio-inf1608-analise-numerica-trabalho-final\cubicspline\cubicspline\debug\cubicspline.tlog\cl.read.1.tlog
c:\users\paulomax\documents\visual studio 2015\projects\puc-rio-inf1608-analise-numerica-trabalho-final\cubicspline\cubicspline\debug\cubicspline.tlog\cl.write.1.tlog
c:\users\paulomax\documents\visual studio 2015\projects\puc-rio-inf1608-analise-numerica-trabalho-final\cubicspline\cubicspline\debug\cubicspline.tlog\link.14016-cvtres.read.1.tlog
c:\users\paulomax\documents\visual studio 2015\projects\puc-rio-inf1608-analise-numerica-trabalho-final\cubicspline\cubicspline\debug\cubicspline.tlog\link.14016-cvtres.write.1.tlog
c:\users\paulomax\documents\visual studio 2015\projects\puc-rio-inf1608-analise-numerica-trabalho-final\cubicspline\cubicspline\debug\cubicspline.tlog\link.14016-rc.read.1.tlog
c:\users\paulomax\documents\visual studio 2015\projects\puc-rio-inf1608-analise-numerica-trabalho-final\cubicspline\cubicspline\debug\cubicspline.tlog\link.14016-rc.write.1.tlog
c:\users\paulomax\documents\visual studio 2015\projects\puc-rio-inf1608-analise-numerica-trabalho-final\cubicspline\cubicspline\debug\cubicspline.tlog\link.14016.read.1.tlog
c:\users\paulomax\documents\visual studio 2015\projects\puc-rio-inf1608-analise-numerica-trabalho-final\cubicspline\cubicspline\debug\cubicspline.tlog\link.14016.write.1.tlog
c:\users\paulomax\documents\visual studio 2015\projects\puc-rio-inf1608-analise-numerica-trabalho-final\cubicspline\cubicspline\debug\cubicspline.tlog\link.command.1.tlog
c:\users\paulomax\documents\visual studio 2015\projects\puc-rio-inf1608-analise-numerica-trabalho-final\cubicspline\cubicspline\debug\cubicspline.tlog\link.read.1.tlog
c:\users\paulomax\documents\visual studio 2015\projects\puc-rio-inf1608-analise-numerica-trabalho-final\cubicspline\cubicspline\debug\cubicspline.tlog\link.write.1.tlog
